2023-12-30 23:29:41.324 [info] Extension host with pid 3931 started
2023-12-30 23:29:41.338 [info] ExtensionService#_doActivateExtension vscode.git-base, startup: true, activationEvent: '*', root cause: vscode.git
2023-12-30 23:29:41.347 [info] ExtensionService#_doActivateExtension vscode.git, startup: true, activationEvent: '*'
2023-12-30 23:29:41.364 [info] ExtensionService#_doActivateExtension vscode.github, startup: true, activationEvent: '*'
2023-12-30 23:29:41.395 [info] Eager extensions activated
2023-12-30 23:29:41.427 [info] ExtensionService#_doActivateExtension vscode.debug-auto-launch, startup: false, activationEvent: 'onStartupFinished'
2023-12-30 23:29:41.430 [info] ExtensionService#_doActivateExtension vscode.merge-conflict, startup: false, activationEvent: 'onStartupFinished'
2023-12-30 23:29:41.436 [info] ExtensionService#_doActivateExtension Catppuccin.catppuccin-vsc, startup: false, activationEvent: 'onStartupFinished'
2023-12-30 23:29:41.441 [info] ExtensionService#_doActivateExtension ms-edgedevtools.vscode-edge-devtools, startup: false, activationEvent: 'onStartupFinished'
2023-12-30 23:29:41.470 [info] ExtensionService#_doActivateExtension vscodevim.vim, startup: false, activationEvent: 'onStartupFinished'
2023-12-30 23:29:42.564 [error] Error: ENOENT: no such file or directory, open '/home/seirennn/.config/Code/User/globalStorage/vscodevim.vim/.registers'
2023-12-30 23:30:06.116 [info] Extension host terminating: renderer closed the MessagePort
2023-12-30 23:30:06.120 [error] Error: ENOENT: no such file or directory, open '/home/seirennn/.config/Code/User/globalStorage/vscodevim.vim/.registers'
2023-12-30 23:30:06.120 [info] Extension host with pid 3931 exiting with code 0
2023-12-30 23:30:06.818 [info] Extension host with pid 4142 started
2023-12-30 23:30:06.818 [info] Skipping acquiring lock for /home/seirennn/.config/Code/User/workspaceStorage/20d54af1d56b352a7e90adcd8faa5ac3.
2023-12-30 23:30:06.830 [info] ExtensionService#_doActivateExtension vscode.git-base, startup: true, activationEvent: '*', root cause: vscode.git
2023-12-30 23:30:06.833 [info] ExtensionService#_doActivateExtension vscode.git, startup: true, activationEvent: '*'
2023-12-30 23:30:06.849 [info] ExtensionService#_doActivateExtension vscode.github, startup: true, activationEvent: '*'
2023-12-30 23:30:06.880 [info] Eager extensions activated
2023-12-30 23:30:06.904 [info] ExtensionService#_doActivateExtension vscode.microsoft-authentication, startup: false, activationEvent: 'onAuthenticationRequest:microsoft'
2023-12-30 23:30:06.933 [info] ExtensionService#_doActivateExtension vscode.debug-auto-launch, startup: false, activationEvent: 'onStartupFinished'
2023-12-30 23:30:06.934 [info] ExtensionService#_doActivateExtension vscode.merge-conflict, startup: false, activationEvent: 'onStartupFinished'
2023-12-30 23:30:06.938 [info] ExtensionService#_doActivateExtension Catppuccin.catppuccin-vsc, startup: false, activationEvent: 'onStartupFinished'
2023-12-30 23:30:06.941 [info] ExtensionService#_doActivateExtension ms-edgedevtools.vscode-edge-devtools, startup: false, activationEvent: 'onStartupFinished'
2023-12-30 23:30:06.968 [info] ExtensionService#_doActivateExtension vscodevim.vim, startup: false, activationEvent: 'onStartupFinished'
2023-12-30 23:30:07.136 [info] ExtensionService#_doActivateExtension vscode.github-authentication, startup: false, activationEvent: 'onAuthenticationRequest:github'
2023-12-30 23:30:07.498 [info] ExtensionService#_doActivateExtension vscode.emmet, startup: false, activationEvent: 'onLanguage'
2023-12-30 23:30:08.079 [error] Error: ENOENT: no such file or directory, open '/home/seirennn/.config/Code/User/globalStorage/vscodevim.vim/.registers'
2023-12-30 23:31:03.994 [info] Extension host terminating: renderer closed the MessagePort
2023-12-30 23:31:03.997 [error] Error: ENOENT: no such file or directory, open '/home/seirennn/.config/Code/User/globalStorage/vscodevim.vim/.registers'
2023-12-30 23:31:03.998 [info] Extension host with pid 4142 exiting with code 0
