2023-12-30 23:29:40.770 [warning] Via 'product.json#extensionEnabledApiProposals' extension 'ms-python.python' wants API proposal 'registerIssueDataProvider' but that proposal DOES NOT EXIST. Likely, the proposal has been finalized (check 'vscode.d.ts') or was abandoned.
2023-12-30 23:29:41.045 [info] Started local extension host with pid 3931.
2023-12-30 23:29:41.466 [error] [Extension Host] Failed to load message bundle for file /home/seirennn/.vscode/extensions/ms-edgedevtools.vscode-edge-devtools-2.1.3/out/extension
2023-12-30 23:29:41.470 [error] [Extension Host] Failed to load message bundle for file /home/seirennn/.vscode/extensions/ms-edgedevtools.vscode-edge-devtools-2.1.3/out/extension
2023-12-30 23:29:41.471 [error] [Extension Host] Failed to load message bundle for file /home/seirennn/.vscode/extensions/ms-edgedevtools.vscode-edge-devtools-2.1.3/out/extension
2023-12-30 23:29:41.472 [error] [Extension Host] Failed to load message bundle for file /home/seirennn/.vscode/extensions/ms-edgedevtools.vscode-edge-devtools-2.1.3/out/extension
2023-12-30 23:29:41.472 [error] [Extension Host] Failed to load message bundle for file /home/seirennn/.vscode/extensions/ms-edgedevtools.vscode-edge-devtools-2.1.3/out/extension
2023-12-30 23:29:41.473 [error] [Extension Host] Failed to load message bundle for file /home/seirennn/.vscode/extensions/ms-edgedevtools.vscode-edge-devtools-2.1.3/out/extension
2023-12-30 23:29:41.473 [error] [Extension Host] Failed to load message bundle for file /home/seirennn/.vscode/extensions/ms-edgedevtools.vscode-edge-devtools-2.1.3/out/extension
2023-12-30 23:29:41.473 [error] [Extension Host] Failed to load message bundle for file /home/seirennn/.vscode/extensions/ms-edgedevtools.vscode-edge-devtools-2.1.3/out/extension
2023-12-30 23:29:42.568 [error] ENOENT: no such file or directory, open '/home/seirennn/.config/Code/User/globalStorage/vscodevim.vim/.registers': Error: ENOENT: no such file or directory, open '/home/seirennn/.config/Code/User/globalStorage/vscodevim.vim/.registers'
2023-12-30 23:29:43.687 [info] [perf] Render performance baseline is 18ms
2023-12-30 23:30:06.342 [warning] Via 'product.json#extensionEnabledApiProposals' extension 'ms-python.python' wants API proposal 'registerIssueDataProvider' but that proposal DOES NOT EXIST. Likely, the proposal has been finalized (check 'vscode.d.ts') or was abandoned.
2023-12-30 23:30:06.513 [info] Started local extension host with pid 4142.
2023-12-30 23:30:06.988 [error] [Extension Host] Failed to load message bundle for file /home/seirennn/.vscode/extensions/ms-edgedevtools.vscode-edge-devtools-2.1.3/out/extension
2023-12-30 23:30:06.988 [error] [Extension Host] Failed to load message bundle for file /home/seirennn/.vscode/extensions/ms-edgedevtools.vscode-edge-devtools-2.1.3/out/extension
2023-12-30 23:30:06.988 [error] [Extension Host] Failed to load message bundle for file /home/seirennn/.vscode/extensions/ms-edgedevtools.vscode-edge-devtools-2.1.3/out/extension
2023-12-30 23:30:06.989 [error] [Extension Host] Failed to load message bundle for file /home/seirennn/.vscode/extensions/ms-edgedevtools.vscode-edge-devtools-2.1.3/out/extension
2023-12-30 23:30:06.989 [error] [Extension Host] Failed to load message bundle for file /home/seirennn/.vscode/extensions/ms-edgedevtools.vscode-edge-devtools-2.1.3/out/extension
2023-12-30 23:30:06.989 [error] [Extension Host] Failed to load message bundle for file /home/seirennn/.vscode/extensions/ms-edgedevtools.vscode-edge-devtools-2.1.3/out/extension
2023-12-30 23:30:06.989 [error] [Extension Host] Failed to load message bundle for file /home/seirennn/.vscode/extensions/ms-edgedevtools.vscode-edge-devtools-2.1.3/out/extension
2023-12-30 23:30:06.990 [error] [Extension Host] Failed to load message bundle for file /home/seirennn/.vscode/extensions/ms-edgedevtools.vscode-edge-devtools-2.1.3/out/extension
2023-12-30 23:30:08.082 [error] ENOENT: no such file or directory, open '/home/seirennn/.config/Code/User/globalStorage/vscodevim.vim/.registers': Error: ENOENT: no such file or directory, open '/home/seirennn/.config/Code/User/globalStorage/vscodevim.vim/.registers'
2023-12-30 23:30:09.170 [info] [perf] Render performance baseline is 17ms
