2023-12-30 23:29:40.963 [info] Added views:workbench.panel.markers.view in workbench.panel.markers
2023-12-30 23:29:40.964 [info] Added views:workbench.panel.output in workbench.panel.output
2023-12-30 23:29:40.964 [info] Added views:terminal in terminal
2023-12-30 23:29:40.964 [info] Added views:outline in workbench.view.explorer
2023-12-30 23:29:40.964 [info] Added views:workbench.scm in workbench.view.scm
2023-12-30 23:29:40.964 [info] Added views:workbench.view.search in workbench.view.search
2023-12-30 23:29:40.964 [info] Added views:timeline in workbench.view.explorer
2023-12-30 23:29:40.964 [info] Added views:workbench.explorer.emptyView in workbench.view.explorer
2023-12-30 23:29:41.149 [info] Added views:dockerContainers,dockerImages,dockerRegistries,dockerNetworks,dockerVolumes,vscode-docker.views.dockerContexts,vscode-docker.views.help in workbench.view.extension.dockerView
2023-12-30 23:29:41.149 [info] Added views:vscode-edge-devtools-view.targets,vscode-edge-devtools-view.help-links in workbench.view.extension.vscode-edge-devtools-view
2023-12-30 23:29:41.325 [info] Added views:workbench.debug.welcome in workbench.view.debug
2023-12-30 23:29:41.337 [info] Added views:workbench.panel.repl.view in workbench.panel.repl
2023-12-30 23:29:41.401 [info] Added views:~remote.forwardedPorts in ~remote.forwardedPortsContainer
2023-12-30 23:30:06.467 [info] Added views:workbench.panel.markers.view in workbench.panel.markers
2023-12-30 23:30:06.467 [info] Added views:workbench.panel.output in workbench.panel.output
2023-12-30 23:30:06.467 [info] Added views:terminal in terminal
2023-12-30 23:30:06.467 [info] Added views:outline in workbench.view.explorer
2023-12-30 23:30:06.467 [info] Added views:workbench.scm in workbench.view.scm
2023-12-30 23:30:06.467 [info] Added views:workbench.view.search in workbench.view.search
2023-12-30 23:30:06.467 [info] Added views:timeline in workbench.view.explorer
2023-12-30 23:30:06.467 [info] Added views:workbench.explorer.fileView in workbench.view.explorer
2023-12-30 23:30:06.617 [info] Added views:dockerContainers,dockerImages,dockerRegistries,dockerNetworks,dockerVolumes,vscode-docker.views.dockerContexts,vscode-docker.views.help in workbench.view.extension.dockerView
2023-12-30 23:30:06.617 [info] Added views:vscode-edge-devtools-view.targets,vscode-edge-devtools-view.help-links in workbench.view.extension.vscode-edge-devtools-view
2023-12-30 23:30:06.715 [info] Added views:workbench.debug.variablesView,workbench.debug.watchExpressionsView,workbench.debug.callStackView,workbench.debug.breakPointsView in workbench.view.debug
2023-12-30 23:30:06.721 [info] Added views:~remote.forwardedPorts in ~remote.forwardedPortsContainer
2023-12-30 23:30:06.825 [info] Added views:workbench.panel.repl.view in workbench.panel.repl
2023-12-30 23:30:06.828 [info] Removed views:workbench.debug.breakPointsView,workbench.debug.callStackView,workbench.debug.watchExpressionsView,workbench.debug.variablesView from workbench.view.debug
2023-12-30 23:30:06.828 [info] Added views:workbench.debug.welcome in workbench.view.debug
